<?xml version="1.0" encoding="UTF-8"?>
<!-- Generated by org.testng.reporters.JUnitReportReporter -->
<testsuite skipped="0" hostname="Dell" name="com.Pages.Login" tests="1" failures="0" timestamp="12 May 2018 07:50:16 GMT" time="0.035" errors="0">
  <testcase name="login" time="0.035" classname="com.Pages.Login"/>
</testsuite> <!-- com.Pages.Login -->
