<?xml version="1.0" encoding="UTF-8"?>
<!-- Generated by org.testng.reporters.JUnitReportReporter -->
<testsuite skipped="0" hostname="Dell" name="com.Pages.Tc_01validation" tests="1" failures="0" timestamp="12 May 2018 07:48:16 GMT" time="0.014" errors="0">
  <testcase name="login" time="0.014" classname="com.Pages.Tc_01validation"/>
</testsuite> <!-- com.Pages.Tc_01validation -->
